#
# There is insufficient memory for the Java Runtime Environment to continue.
# Cannot create GC thread. Out of system resources.
# Possible reasons:
#   The system is out of physical RAM or swap space
#   In 32 bit mode, the process size limit was hit
# Possible solutions:
#   Reduce memory load on the system
#   Increase physical memory or swap space
#   Check if swap backing store is full
#   Use 64 bit Java on a 64 bit OS
#   Decrease Java heap size (-Xmx/-Xms)
#   Decrease number of Java threads
#   Decrease Java thread stack sizes (-Xss)
#   Set larger code cache with -XX:ReservedCodeCacheSize=
# This output file may be truncated or incomplete.
#
#  Out of Memory Error (gcTaskThread.cpp:48), pid=23145, tid=0x00007f021d1b04c0
#
# JRE version:  (8.0_181-b13) (build )
# Java VM: OpenJDK 64-Bit Server VM (25.181-b13 mixed mode linux-amd64 compressed oops)
# Failed to write core dump. Core dumps have been disabled. To enable core dumping, try "ulimit -c unlimited" before starting Java again
#

---------------  T H R E A D  ---------------

Current thread (0x0000558841090800):  JavaThread "Unknown thread" [_thread_in_vm, id=23145, stack(0x00007ffc3f9d6000,0x00007ffc3fad6000)]

Stack: [0x00007ffc3f9d6000,0x00007ffc3fad6000],  sp=0x00007ffc3facedb0,  free space=995k
Native frames: (J=compiled Java code, j=interpreted, Vv=VM code, C=native code)
V  [libjvm.so+0xa13f45]
V  [libjvm.so+0x4afce7]
V  [libjvm.so+0x5874ff]
V  [libjvm.so+0x586a7d]
V  [libjvm.so+0x89c42e]
V  [libjvm.so+0x9dad9a]
V  [libjvm.so+0x9db045]
V  [libjvm.so+0x5eb4bf]
V  [libjvm.so+0x9bef9d]
V  [libjvm.so+0x656e11]  JNI_CreateJavaVM+0x61
C  [libjli.so+0x2eee]
C  [libjli.so+0x8846]
C  [libjli.so+0x4aa9]
C  [libjli.so+0x522f]  JLI_Launch+0x5ef
C  [java+0x1091]
C  [libc.so.6+0x2409b]  __libc_start_main+0xeb


---------------  P R O C E S S  ---------------

Java Threads: ( => current thread )

Other Threads:

=>0x0000558841090800 (exited) JavaThread "Unknown thread" [_thread_in_vm, id=23145, stack(0x00007ffc3f9d6000,0x00007ffc3fad6000)]

VM state:not at safepoint (not fully initialized)

VM Mutex/Monitor currently owned by a thread: None

GC Heap History (0 events):
No events

Deoptimization events (0 events):
No events

Classes redefined (0 events):
No events

Internal exceptions (0 events):
No events

Events (0 events):
No events


Dynamic libraries:
c3a00000-c6380000 rw-p 00000000 00:00 0 
c6380000-ebe00000 ---p 00000000 00:00 0 
ebe00000-ed280000 rw-p 00000000 00:00 0 
ed280000-100000000 ---p 00000000 00:00 0 
558840c20000-558840c21000 r--p 00000000 08:06 6423194                    /usr/lib/jvm/java-8-openjdk-amd64/jre/bin/java
558840c21000-558840c22000 r-xp 00001000 08:06 6423194                    /usr/lib/jvm/java-8-openjdk-amd64/jre/bin/java
558840c22000-558840c23000 r--p 00002000 08:06 6423194                    /usr/lib/jvm/java-8-openjdk-amd64/jre/bin/java
558840c23000-558840c24000 r--p 00002000 08:06 6423194                    /usr/lib/jvm/java-8-openjdk-amd64/jre/bin/java
558840c24000-558840c25000 rw-p 00003000 08:06 6423194                    /usr/lib/jvm/java-8-openjdk-amd64/jre/bin/java
558841070000-5588410b9000 rw-p 00000000 00:00 0                          [heap]
7f020c93e000-7f020c953000 rw-p 00000000 00:00 0 
7f020c953000-7f020ca80000 ---p 00000000 00:00 0 
7f020ca80000-7f020ca95000 rw-p 00000000 00:00 0 
7f020ca95000-7f020cbc2000 ---p 00000000 00:00 0 
7f020cbc2000-7f020cbcd000 rw-p 00000000 00:00 0 
7f020cbcd000-7f020cc63000 ---p 00000000 00:00 0 
7f020cc63000-7f020cc6e000 rw-p 00000000 00:00 0 
7f020cc6e000-7f020d024000 ---p 00000000 00:00 0 
7f020d024000-7f020d294000 rwxp 00000000 00:00 0 
7f020d294000-7f021c024000 ---p 00000000 00:00 0 
7f021c024000-7f021c027000 r--p 00000000 08:06 4720657                    /lib/x86_64-linux-gnu/libnss_files-2.28.so
7f021c027000-7f021c02e000 r-xp 00003000 08:06 4720657                    /lib/x86_64-linux-gnu/libnss_files-2.28.so
7f021c02e000-7f021c031000 r--p 0000a000 08:06 4720657                    /lib/x86_64-linux-gnu/libnss_files-2.28.so
7f021c031000-7f021c032000 r--p 0000c000 08:06 4720657                    /lib/x86_64-linux-gnu/libnss_files-2.28.so
7f021c032000-7f021c033000 rw-p 0000d000 08:06 4720657                    /lib/x86_64-linux-gnu/libnss_files-2.28.so
7f021c033000-7f021c039000 rw-p 00000000 00:00 0 
7f021c039000-7f021c03d000 r--p 00000000 08:06 4720654                    /lib/x86_64-linux-gnu/libnsl-2.28.so
7f021c03d000-7f021c04b000 r-xp 00004000 08:06 4720654                    /lib/x86_64-linux-gnu/libnsl-2.28.so
7f021c04b000-7f021c050000 r--p 00012000 08:06 4720654                    /lib/x86_64-linux-gnu/libnsl-2.28.so
7f021c050000-7f021c051000 r--p 00016000 08:06 4720654                    /lib/x86_64-linux-gnu/libnsl-2.28.so
7f021c051000-7f021c052000 rw-p 00017000 08:06 4720654                    /lib/x86_64-linux-gnu/libnsl-2.28.so
7f021c052000-7f021c054000 rw-p 00000000 00:00 0 
7f021c054000-7f021c056000 r--p 00000000 08:06 4720659                    /lib/x86_64-linux-gnu/libnss_nis-2.28.so
7f021c056000-7f021c05e000 r-xp 00002000 08:06 4720659                    /lib/x86_64-linux-gnu/libnss_nis-2.28.so
7f021c05e000-7f021c060000 r--p 0000a000 08:06 4720659                    /lib/x86_64-linux-gnu/libnss_nis-2.28.so
7f021c060000-7f021c061000 r--p 0000b000 08:06 4720659                    /lib/x86_64-linux-gnu/libnss_nis-2.28.so
7f021c061000-7f021c062000 rw-p 0000c000 08:06 4720659                    /lib/x86_64-linux-gnu/libnss_nis-2.28.so
7f021c071000-7f021c074000 r--p 00000000 08:06 6433644                    /usr/lib/jvm/java-8-openjdk-amd64/jre/lib/amd64/libzip.so
7f021c074000-7f021c078000 r-xp 00003000 08:06 6433644                    /usr/lib/jvm/java-8-openjdk-amd64/jre/lib/amd64/libzip.so
7f021c078000-7f021c07a000 r--p 00007000 08:06 6433644                    /usr/lib/jvm/java-8-openjdk-amd64/jre/lib/amd64/libzip.so
7f021c07a000-7f021c07b000 r--p 00008000 08:06 6433644                    /usr/lib/jvm/java-8-openjdk-amd64/jre/lib/amd64/libzip.so
7f021c07b000-7f021c07c000 rw-p 00009000 08:06 6433644                    /usr/lib/jvm/java-8-openjdk-amd64/jre/lib/amd64/libzip.so
7f021c07c000-7f021c084000 rw-s 00000000 08:06 5769644                    /tmp/hsperfdata_renan/23145
7f021c084000-7f021c091000 r--p 00000000 08:06 6423217                    /usr/lib/jvm/java-8-openjdk-amd64/jre/lib/amd64/libjava.so
7f021c091000-7f021c0ab000 r-xp 0000d000 08:06 6423217                    /usr/lib/jvm/java-8-openjdk-amd64/jre/lib/amd64/libjava.so
7f021c0ab000-7f021c0b2000 r--p 00027000 08:06 6423217                    /usr/lib/jvm/java-8-openjdk-amd64/jre/lib/amd64/libjava.so
7f021c0b2000-7f021c0b3000 r--p 0002d000 08:06 6423217                    /usr/lib/jvm/java-8-openjdk-amd64/jre/lib/amd64/libjava.so
7f021c0b3000-7f021c0b5000 rw-p 0002e000 08:06 6423217                    /usr/lib/jvm/java-8-openjdk-amd64/jre/lib/amd64/libjava.so
7f021c0b5000-7f021c0b7000 r--p 00000000 08:06 4720664                    /lib/x86_64-linux-gnu/librt-2.28.so
7f021c0b7000-7f021c0bb000 r-xp 00002000 08:06 4720664                    /lib/x86_64-linux-gnu/librt-2.28.so
7f021c0bb000-7f021c0bd000 r--p 00006000 08:06 4720664                    /lib/x86_64-linux-gnu/librt-2.28.so
7f021c0bd000-7f021c0be000 r--p 00007000 08:06 4720664                    /lib/x86_64-linux-gnu/librt-2.28.so
7f021c0be000-7f021c0bf000 rw-p 00008000 08:06 4720664                    /lib/x86_64-linux-gnu/librt-2.28.so
7f021c0bf000-7f021c0c0000 ---p 00000000 00:00 0 
7f021c0c0000-7f021c1c0000 rw-p 00000000 00:00 0 
7f021c1c0000-7f021c1c3000 r--p 00000000 08:06 4720712                    /lib/x86_64-linux-gnu/libgcc_s.so.1
7f021c1c3000-7f021c1d4000 r-xp 00003000 08:06 4720712                    /lib/x86_64-linux-gnu/libgcc_s.so.1
7f021c1d4000-7f021c1d7000 r--p 00014000 08:06 4720712                    /lib/x86_64-linux-gnu/libgcc_s.so.1
7f021c1d7000-7f021c1d8000 ---p 00017000 08:06 4720712                    /lib/x86_64-linux-gnu/libgcc_s.so.1
7f021c1d8000-7f021c1d9000 r--p 00017000 08:06 4720712                    /lib/x86_64-linux-gnu/libgcc_s.so.1
7f021c1d9000-7f021c1da000 rw-p 00018000 08:06 4720712                    /lib/x86_64-linux-gnu/libgcc_s.so.1
7f021c1da000-7f021c1e7000 r--p 00000000 08:06 4720651                    /lib/x86_64-linux-gnu/libm-2.28.so
7f021c1e7000-7f021c292000 r-xp 0000d000 08:06 4720651                    /lib/x86_64-linux-gnu/libm-2.28.so
7f021c292000-7f021c365000 r--p 000b8000 08:06 4720651                    /lib/x86_64-linux-gnu/libm-2.28.so
7f021c365000-7f021c366000 r--p 0018a000 08:06 4720651                    /lib/x86_64-linux-gnu/libm-2.28.so
7f021c366000-7f021c367000 rw-p 0018b000 08:06 4720651                    /lib/x86_64-linux-gnu/libm-2.28.so
7f021c367000-7f021c3f0000 r--p 00000000 08:06 4981773                    /usr/lib/x86_64-linux-gnu/libstdc++.so.6.0.25
7f021c3f0000-7f021c4a3000 r-xp 00089000 08:06 4981773                    /usr/lib/x86_64-linux-gnu/libstdc++.so.6.0.25
7f021c4a3000-7f021c4e1000 r--p 0013c000 08:06 4981773                    /usr/lib/x86_64-linux-gnu/libstdc++.so.6.0.25
7f021c4e1000-7f021c4eb000 r--p 00179000 08:06 4981773                    /usr/lib/x86_64-linux-gnu/libstdc++.so.6.0.25
7f021c4eb000-7f021c4ed000 rw-p 00183000 08:06 4981773                    /usr/lib/x86_64-linux-gnu/libstdc++.so.6.0.25
7f021c4ed000-7f021c4f1000 rw-p 00000000 00:00 0 
7f021c4f1000-7f021c6e0000 r--p 00000000 08:06 6556242                    /usr/lib/jvm/java-8-openjdk-amd64/jre/lib/amd64/server/libjvm.so
7f021c6e0000-7f021cf26000 r-xp 001ef000 08:06 6556242                    /usr/lib/jvm/java-8-openjdk-amd64/jre/lib/amd64/server/libjvm.so
7f021cf26000-7f021d0c2000 r--p 00a35000 08:06 6556242                    /usr/lib/jvm/java-8-openjdk-amd64/jre/lib/amd64/server/libjvm.so
7f021d0c2000-7f021d156000 r--p 00bd0000 08:06 6556242                    /usr/lib/jvm/java-8-openjdk-amd64/jre/lib/amd64/server/libjvm.so
7f021d156000-7f021d17e000 rw-p 00c64000 08:06 6556242                    /usr/lib/jvm/java-8-openjdk-amd64/jre/lib/amd64/server/libjvm.so
7f021d17e000-7f021d1b1000 rw-p 00000000 00:00 0 
7f021d1b1000-7f021d1b7000 r--p 00000000 08:06 4720662                    /lib/x86_64-linux-gnu/libpthread-2.28.so
7f021d1b7000-7f021d1c6000 r-xp 00006000 08:06 4720662                    /lib/x86_64-linux-gnu/libpthread-2.28.so
7f021d1c6000-7f021d1cc000 r--p 00015000 08:06 4720662                    /lib/x86_64-linux-gnu/libpthread-2.28.so
7f021d1cc000-7f021d1cd000 r--p 0001a000 08:06 4720662                    /lib/x86_64-linux-gnu/libpthread-2.28.so
7f021d1cd000-7f021d1ce000 rw-p 0001b000 08:06 4720662                    /lib/x86_64-linux-gnu/libpthread-2.28.so
7f021d1ce000-7f021d1d2000 rw-p 00000000 00:00 0 
7f021d1d2000-7f021d1d3000 r--p 00000000 08:06 4720650                    /lib/x86_64-linux-gnu/libdl-2.28.so
7f021d1d3000-7f021d1d5000 r-xp 00001000 08:06 4720650                    /lib/x86_64-linux-gnu/libdl-2.28.so
7f021d1d5000-7f021d1d6000 r--p 00003000 08:06 4720650                    /lib/x86_64-linux-gnu/libdl-2.28.so
7f021d1d6000-7f021d1d7000 r--p 00003000 08:06 4720650                    /lib/x86_64-linux-gnu/libdl-2.28.so
7f021d1d7000-7f021d1d8000 rw-p 00004000 08:06 4720650                    /lib/x86_64-linux-gnu/libdl-2.28.so
7f021d1d8000-7f021d1f4000 r-xp 00000000 08:06 4723595                    /lib/x86_64-linux-gnu/libz.so.1.2.11
7f021d1f4000-7f021d3f3000 ---p 0001c000 08:06 4723595                    /lib/x86_64-linux-gnu/libz.so.1.2.11
7f021d3f3000-7f021d3f4000 r--p 0001b000 08:06 4723595                    /lib/x86_64-linux-gnu/libz.so.1.2.11
7f021d3f4000-7f021d3f5000 rw-p 0001c000 08:06 4723595                    /lib/x86_64-linux-gnu/libz.so.1.2.11
7f021d3f5000-7f021d417000 r--p 00000000 08:06 4720648                    /lib/x86_64-linux-gnu/libc-2.28.so
7f021d417000-7f021d588000 r-xp 00022000 08:06 4720648                    /lib/x86_64-linux-gnu/libc-2.28.so
7f021d588000-7f021d5d4000 r--p 00193000 08:06 4720648                    /lib/x86_64-linux-gnu/libc-2.28.so
7f021d5d4000-7f021d5d5000 ---p 001df000 08:06 4720648                    /lib/x86_64-linux-gnu/libc-2.28.so
7f021d5d5000-7f021d5d9000 r--p 001df000 08:06 4720648                    /lib/x86_64-linux-gnu/libc-2.28.so
7f021d5d9000-7f021d5db000 rw-p 001e3000 08:06 4720648                    /lib/x86_64-linux-gnu/libc-2.28.so
7f021d5db000-7f021d5df000 rw-p 00000000 00:00 0 
7f021d5e1000-7f021d5e3000 r--p 00000000 08:06 4720655                    /lib/x86_64-linux-gnu/libnss_compat-2.28.so
7f021d5e3000-7f021d5e9000 r-xp 00002000 08:06 4720655                    /lib/x86_64-linux-gnu/libnss_compat-2.28.so
7f021d5e9000-7f021d5ea000 r--p 00008000 08:06 4720655                    /lib/x86_64-linux-gnu/libnss_compat-2.28.so
7f021d5ea000-7f021d5eb000 r--p 00008000 08:06 4720655                    /lib/x86_64-linux-gnu/libnss_compat-2.28.so
7f021d5eb000-7f021d5ec000 rw-p 00009000 08:06 4720655                    /lib/x86_64-linux-gnu/libnss_compat-2.28.so
7f021d5ec000-7f021d5ed000 rw-p 00000000 00:00 0 
7f021d5ed000-7f021d5ee000 r--p 00000000 00:00 0 
7f021d5ee000-7f021d5f3000 r--p 00000000 08:06 6433643                    /usr/lib/jvm/java-8-openjdk-amd64/jre/lib/amd64/libverify.so
7f021d5f3000-7f021d5fc000 r-xp 00005000 08:06 6433643                    /usr/lib/jvm/java-8-openjdk-amd64/jre/lib/amd64/libverify.so
7f021d5fc000-7f021d5fe000 r--p 0000e000 08:06 6433643                    /usr/lib/jvm/java-8-openjdk-amd64/jre/lib/amd64/libverify.so
7f021d5fe000-7f021d600000 r--p 0000f000 08:06 6433643                    /usr/lib/jvm/java-8-openjdk-amd64/jre/lib/amd64/libverify.so
7f021d600000-7f021d601000 rw-p 00011000 08:06 6433643                    /usr/lib/jvm/java-8-openjdk-amd64/jre/lib/amd64/libverify.so
7f021d601000-7f021d603000 r--p 00000000 08:06 6556103                    /usr/lib/jvm/java-8-openjdk-amd64/jre/lib/amd64/jli/libjli.so
7f021d603000-7f021d60c000 r-xp 00002000 08:06 6556103                    /usr/lib/jvm/java-8-openjdk-amd64/jre/lib/amd64/jli/libjli.so
7f021d60c000-7f021d60f000 r--p 0000b000 08:06 6556103                    /usr/lib/jvm/java-8-openjdk-amd64/jre/lib/amd64/jli/libjli.so
7f021d60f000-7f021d610000 r--p 0000d000 08:06 6556103                    /usr/lib/jvm/java-8-openjdk-amd64/jre/lib/amd64/jli/libjli.so
7f021d610000-7f021d611000 rw-p 0000e000 08:06 6556103                    /usr/lib/jvm/java-8-openjdk-amd64/jre/lib/amd64/jli/libjli.so
7f021d611000-7f021d613000 rw-p 00000000 00:00 0 
7f021d613000-7f021d614000 r--p 00000000 08:06 4720644                    /lib/x86_64-linux-gnu/ld-2.28.so
7f021d614000-7f021d634000 r-xp 00001000 08:06 4720644                    /lib/x86_64-linux-gnu/ld-2.28.so
7f021d634000-7f021d63c000 r--p 00021000 08:06 4720644                    /lib/x86_64-linux-gnu/ld-2.28.so
7f021d63c000-7f021d63d000 r--p 00028000 08:06 4720644                    /lib/x86_64-linux-gnu/ld-2.28.so
7f021d63d000-7f021d63e000 rw-p 00029000 08:06 4720644                    /lib/x86_64-linux-gnu/ld-2.28.so
7f021d63e000-7f021d63f000 rw-p 00000000 00:00 0 
7ffc3f9d6000-7ffc3f9d9000 ---p 00000000 00:00 0 
7ffc3f9d9000-7ffc3fad6000 rw-p 00000000 00:00 0                          [stack]
7ffc3fb84000-7ffc3fb87000 r--p 00000000 00:00 0                          [vvar]
7ffc3fb87000-7ffc3fb89000 r-xp 00000000 00:00 0                          [vdso]
ffffffffff600000-ffffffffff601000 r-xp 00000000 00:00 0                  [vsyscall]

VM Arguments:
jvm_args: -Dfile.encoding=UTF-8 
java_command: Atividade_ExecutandoTarefas08.Principal
java_class_path (initial): /home/renan/GitHub/Programacao_Concorrente/Atividades/build/classes
Launcher Type: SUN_STANDARD

Environment Variables:
PATH=/home/renan/.local/bin:/usr/local/sbin:/usr/local/bin:/usr/sbin:/usr/bin:/sbin:/bin:/usr/games:/usr/local/games:/snap/bin
USERNAME=renan
LD_LIBRARY_PATH=/usr/lib/jvm/java-8-openjdk-amd64/jre/lib/amd64:/usr/lib/jvm/java-8-openjdk-amd64/jre/lib/i386:
SHELL=/bin/bash
DISPLAY=:0

Signal Handlers:
SIGSEGV: [libjvm.so+0xa149b0], sa_mask[0]=11111111011111111101111111111110, sa_flags=SA_RESTART|SA_SIGINFO
SIGBUS: [libjvm.so+0xa149b0], sa_mask[0]=11111111011111111101111111111110, sa_flags=SA_RESTART|SA_SIGINFO
SIGFPE: [libjvm.so+0x875d90], sa_mask[0]=11111111011111111101111111111110, sa_flags=SA_RESTART|SA_SIGINFO
SIGPIPE: [libjvm.so+0x875d90], sa_mask[0]=11111111011111111101111111111110, sa_flags=SA_RESTART|SA_SIGINFO
SIGXFSZ: [libjvm.so+0x875d90], sa_mask[0]=11111111011111111101111111111110, sa_flags=SA_RESTART|SA_SIGINFO
SIGILL: [libjvm.so+0x875d90], sa_mask[0]=11111111011111111101111111111110, sa_flags=SA_RESTART|SA_SIGINFO
SIGUSR1: SIG_DFL, sa_mask[0]=00000000000000000000000000000000, sa_flags=none
SIGUSR2: [libjvm.so+0x875c30], sa_mask[0]=00100000000000000000000000000000, sa_flags=SA_RESTART|SA_SIGINFO
SIGHUP: SIG_DFL, sa_mask[0]=00000000000000000000000000000000, sa_flags=none
SIGINT: SIG_IGN, sa_mask[0]=00000000000000000000000000000000, sa_flags=none
SIGTERM: SIG_DFL, sa_mask[0]=00000000000000000000000000000000, sa_flags=none
SIGQUIT: SIG_DFL, sa_mask[0]=00000000000000000000000000000000, sa_flags=none


---------------  S Y S T E M  ---------------

OS:DISTRIB_ID=Ubuntu
DISTRIB_RELEASE=18.10
DISTRIB_CODENAME=cosmic
DISTRIB_DESCRIPTION="Ubuntu 18.10"

uname:Linux 4.18.0-10-generic #11-Ubuntu SMP Thu Oct 11 15:13:55 UTC 2018 x86_64
libc:glibc 2.28 NPTL 2.28 
rlimit: STACK 8192k, CORE 0k, NPROC 15090, NOFILE 1048576, AS infinity
load average:0.65 1.41 0.93

/proc/meminfo:
MemTotal:        3951756 kB
MemFree:          134164 kB
MemAvailable:    1000472 kB
Buffers:          107884 kB
Cached:          1099440 kB
SwapCached:            0 kB
Active:          2432168 kB
Inactive:         843936 kB
Active(anon):    2069840 kB
Inactive(anon):   175136 kB
Active(file):     362328 kB
Inactive(file):   668800 kB
Unevictable:          64 kB
Mlocked:              64 kB
SwapTotal:       1999868 kB
SwapFree:        1999868 kB
Dirty:               852 kB
Writeback:             0 kB
AnonPages:       2068848 kB
Mapped:           295772 kB
Shmem:            176208 kB
Slab:             245688 kB
SReclaimable:      81516 kB
SUnreclaim:       164172 kB
KernelStack:      163328 kB
PageTables:        40984 kB
NFS_Unstable:          0 kB
Bounce:                0 kB
WritebackTmp:          0 kB
CommitLimit:     3975744 kB
Committed_AS:   15647092 kB
VmallocTotal:   34359738367 kB
VmallocUsed:           0 kB
VmallocChunk:          0 kB
HardwareCorrupted:     0 kB
AnonHugePages:         0 kB
ShmemHugePages:        0 kB
ShmemPmdMapped:        0 kB
CmaTotal:              0 kB
CmaFree:               0 kB
HugePages_Total:       0
HugePages_Free:        0
HugePages_Rsvd:        0
HugePages_Surp:        0
Hugepagesize:       2048 kB
Hugetlb:               0 kB
DirectMap4k:      213824 kB
DirectMap2M:     3893248 kB
DirectMap1G:     1048576 kB


CPU:total 4 (initial active 4) (2 cores per cpu, 2 threads per core) family 6 model 61 stepping 4, cmov, cx8, fxsr, mmx, sse, sse2, sse3, ssse3, sse4.1, sse4.2, popcnt, avx, avx2, aes, clmul, erms, 3dnowpref, lzcnt, ht, tsc, tscinvbit, bmi1, bmi2, adx

/proc/cpuinfo:
processor	: 0
vendor_id	: GenuineIntel
cpu family	: 6
model		: 61
model name	: Intel(R) Core(TM) i5-5200U CPU @ 2.20GHz
stepping	: 4
microcode	: 0x2b
cpu MHz		: 2194.992
cache size	: 3072 KB
physical id	: 0
siblings	: 4
core id		: 0
cpu cores	: 2
apicid		: 0
initial apicid	: 0
fpu		: yes
fpu_exception	: yes
cpuid level	: 20
wp		: yes
flags		: fpu vme de pse tsc msr pae mce cx8 apic sep mtrr pge mca cmov pat pse36 clflush dts acpi mmx fxsr sse sse2 ss ht tm pbe syscall nx pdpe1gb rdtscp lm constant_tsc arch_perfmon pebs bts rep_good nopl xtopology nonstop_tsc cpuid aperfmperf pni pclmulqdq dtes64 monitor ds_cpl vmx est tm2 ssse3 sdbg fma cx16 xtpr pdcm pcid sse4_1 sse4_2 x2apic movbe popcnt tsc_deadline_timer aes xsave avx f16c rdrand lahf_lm abm 3dnowprefetch cpuid_fault epb invpcid_single pti ssbd ibrs ibpb stibp tpr_shadow vnmi flexpriority ept vpid fsgsbase tsc_adjust bmi1 avx2 smep bmi2 erms invpcid rdseed adx smap intel_pt xsaveopt dtherm ida arat pln pts flush_l1d
bugs		: cpu_meltdown spectre_v1 spectre_v2 spec_store_bypass l1tf
bogomips	: 4389.99
clflush size	: 64
cache_alignment	: 64
address sizes	: 39 bits physical, 48 bits virtual
power management:

processor	: 1
vendor_id	: GenuineIntel
cpu family	: 6
model		: 61
model name	: Intel(R) Core(TM) i5-5200U CPU @ 2.20GHz
stepping	: 4
microcode	: 0x2b
cpu MHz		: 2194.994
cache size	: 3072 KB
physical id	: 0
siblings	: 4
core id		: 1
cpu cores	: 2
apicid		: 2
initial apicid	: 2
fpu		: yes
fpu_exception	: yes
cpuid level	: 20
wp		: yes
flags		: fpu vme de pse tsc msr pae mce cx8 apic sep mtrr pge mca cmov pat pse36 clflush dts acpi mmx fxsr sse sse2 ss ht tm pbe syscall nx pdpe1gb rdtscp lm constant_tsc arch_perfmon pebs bts rep_good nopl xtopology nonstop_tsc cpuid aperfmperf pni pclmulqdq dtes64 monitor ds_cpl vmx est tm2 ssse3 sdbg fma cx16 xtpr pdcm pcid sse4_1 sse4_2 x2apic movbe popcnt tsc_deadline_timer aes xsave avx f16c rdrand lahf_lm abm 3dnowprefetch cpuid_fault epb invpcid_single pti ssbd ibrs ibpb stibp tpr_shadow vnmi flexpriority ept vpid fsgsbase tsc_adjust bmi1 avx2 smep bmi2 erms invpcid rdseed adx smap intel_pt xsaveopt dtherm ida arat pln pts flush_l1d
bugs		: cpu_meltdown spectre_v1 spectre_v2 spec_store_bypass l1tf
bogomips	: 4389.99
clflush size	: 64
cache_alignment	: 64
address sizes	: 39 bits physical, 48 bits virtual
power management:

processor	: 2
vendor_id	: GenuineIntel
cpu family	: 6
model		: 61
model name	: Intel(R) Core(TM) i5-5200U CPU @ 2.20GHz
stepping	: 4
microcode	: 0x2b
cpu MHz		: 2194.995
cache size	: 3072 KB
physical id	: 0
siblings	: 4
core id		: 0
cpu cores	: 2
apicid		: 1
initial apicid	: 1
fpu		: yes
fpu_exception	: yes
cpuid level	: 20
wp		: yes
flags		: fpu vme de pse tsc msr pae mce cx8 apic sep mtrr pge mca cmov pat pse36 clflush dts acpi mmx fxsr sse sse2 ss ht tm pbe syscall nx pdpe1gb rdtscp lm constant_tsc arch_perfmon pebs bts rep_good nopl xtopology nonstop_tsc cpuid aperfmperf pni pclmulqdq dtes64 monitor ds_cpl vmx est tm2 ssse3 sdbg fma cx16 xtpr pdcm pcid sse4_1 sse4_2 x2apic movbe popcnt tsc_deadline_timer aes xsave avx f16c rdrand lahf_lm abm 3dnowprefetch cpuid_fault epb invpcid_single pti ssbd ibrs ibpb stibp tpr_shadow vnmi flexpriority ept vpid fsgsbase tsc_adjust bmi1 avx2 smep bmi2 erms invpcid rdseed adx smap intel_pt xsaveopt dtherm ida arat pln pts flush_l1d
bugs		: cpu_meltdown spectre_v1 spectre_v2 spec_store_bypass l1tf
bogomips	: 4389.99
clflush size	: 64
cache_alignment	: 64
address sizes	: 39 bits physical, 48 bits virtual
power management:

processor	: 3
vendor_id	: GenuineIntel
cpu family	: 6
model		: 61
model name	: Intel(R) Core(TM) i5-5200U CPU @ 2.20GHz
stepping	: 4
microcode	: 0x2b
cpu MHz		: 2194.993
cache size	: 3072 KB
physical id	: 0
siblings	: 4
core id		: 1
cpu cores	: 2
apicid		: 3
initial apicid	: 3
fpu		: yes
fpu_exception	: yes
cpuid level	: 20
wp		: yes
flags		: fpu vme de pse tsc msr pae mce cx8 apic sep mtrr pge mca cmov pat pse36 clflush dts acpi mmx fxsr sse sse2 ss ht tm pbe syscall nx pdpe1gb rdtscp lm constant_tsc arch_perfmon pebs bts rep_good nopl xtopology nonstop_tsc cpuid aperfmperf pni pclmulqdq dtes64 monitor ds_cpl vmx est tm2 ssse3 sdbg fma cx16 xtpr pdcm pcid sse4_1 sse4_2 x2apic movbe popcnt tsc_deadline_timer aes xsave avx f16c rdrand lahf_lm abm 3dnowprefetch cpuid_fault epb invpcid_single pti ssbd ibrs ibpb stibp tpr_shadow vnmi flexpriority ept vpid fsgsbase tsc_adjust bmi1 avx2 smep bmi2 erms invpcid rdseed adx smap intel_pt xsaveopt dtherm ida arat pln pts flush_l1d
bugs		: cpu_meltdown spectre_v1 spectre_v2 spec_store_bypass l1tf
bogomips	: 4389.99
clflush size	: 64
cache_alignment	: 64
address sizes	: 39 bits physical, 48 bits virtual
power management:



Memory: 4k page, physical 3951756k(133984k free), swap 1999868k(1999868k free)

vm_info: OpenJDK 64-Bit Server VM (25.181-b13) for linux-amd64 JRE (1.8.0_181-8u181-b13-1ubuntu0.18.10.1-b13), built on Oct 22 2018 17:25:20 by "buildd" with gcc 8.2.0

time: Mon Nov 12 22:11:55 2018
elapsed time: 0 seconds (0d 0h 0m 0s)

